<?xml version="1.0" encoding="UTF-8"?>
<testng-results ignored="0" total="1" passed="1" failed="0" skipped="0">
  <reporter-output>
  </reporter-output>
  <suite started-at="2023-04-08T18:40:56 IST" name="Default suite" finished-at="2023-04-08T18:41:27 IST" duration-ms="30253">
    <groups>
    </groups>
    <test started-at="2023-04-08T18:40:56 IST" name="Default test" finished-at="2023-04-08T18:41:27 IST" duration-ms="30253">
      <class name="javascriptexecutor.TwoPlugsPage">
        <test-method signature="jsContentPage()[pri:0, instance:javascriptexecutor.TwoPlugsPage@429bffaa]" started-at="2023-04-08T18:40:56 IST" name="jsContentPage" finished-at="2023-04-08T18:41:27 IST" duration-ms="30195" status="PASS">
          <reporter-output>
          </reporter-output>
        </test-method> <!-- jsContentPage -->
      </class> <!-- javascriptexecutor.TwoPlugsPage -->
    </test> <!-- Default test -->
  </suite> <!-- Default suite -->
</testng-results>
