<?xml version="1.0" encoding="UTF-8"?>
<!-- Generated by org.testng.reporters.JUnitXMLReporter -->
<testsuite ignored="1" hostname="DESKTOP-NKE74KJ" failures="0" tests="7" name="Parallel_ClassLevel" time="86.514" errors="0" timestamp="2023-03-02T11:17:35 IST">
  <testcase classname="testnglearning.TestngAnnotations" name="testCase2" time="0.012"/>
  <testcase classname="testnglearning.TestngAnnotations" name="testCase3" time="0.006"/>
  <testcase classname="testnglearning.TestngAnnotations" name="testCase4" time="0.005"/>
  <testcase classname="testnglearning.GroupSocial" name="facebook" time="15.631"/>
  <testcase classname="testnglearning.GroupSocial" name="twitter" time="5.728"/>
  <testcase classname="testnglearning.GroupLearning" name="guvi" time="31.108"/>
  <testcase classname="testnglearning.GroupLearning" name="javaTPoint" time="49.313"/>
  <testcase classname="testnglearning.TestngAnnotations" name="testCase1" time="0.0">
    <ignored/>
  </testcase> <!-- testCase1 -->
</testsuite> <!-- Parallel_ClassLevel -->
