<?xml version="1.0" encoding="UTF-8"?>
<!-- Generated by org.testng.reporters.JUnitXMLReporter -->
<testsuite ignored="1" hostname="DESKTOP-NKE74KJ" failures="0" tests="3" name="Test" time="0.136" errors="0" timestamp="2023-02-28T11:45:54 IST">
  <testcase classname="testnglearning.TestngAnnotations" name="testCase2" time="0.01"/>
  <testcase classname="testnglearning.TestngAnnotations" name="testCase4" time="0.002"/>
  <testcase classname="testnglearning.TestngAnnotations" name="testCase3" time="0.003"/>
  <testcase classname="testnglearning.TestngAnnotations" name="testCase1" time="0.0">
    <ignored/>
  </testcase> <!-- testCase1 -->
</testsuite> <!-- Test -->
