<?xml version="1.0" encoding="UTF-8"?>
<!-- Generated by org.testng.reporters.JUnitXMLReporter -->
<testsuite ignored="3" hostname="DESKTOP-NKE74KJ" failures="0" tests="1" name="Test" time="44.909" errors="0" timestamp="2023-03-02T10:39:57 IST">
  <testcase classname="testnglearning.GroupLearning" name="guvi" time="20.549"/>
  <testcase classname="testnglearning.GroupLearning" name="javaTPoint" time="0.0">
    <ignored/>
  </testcase> <!-- javaTPoint -->
  <testcase classname="testnglearning.GroupSocial" name="twitter" time="0.0">
    <ignored/>
  </testcase> <!-- twitter -->
  <testcase classname="testnglearning.GroupSocial" name="facebook" time="0.0">
    <ignored/>
  </testcase> <!-- facebook -->
</testsuite> <!-- Test -->
